[debug] [2024-06-11T10:28:19.015Z] ----------------------------------------------------------------------
[debug] [2024-06-11T10:28:19.017Z] Command:       C:\Program Files\nodejs\node.exe C:\Users\bsilva\AppData\Roaming\npm\node_modules\firebase-tools\lib\bin\firebase.js init hosting
[debug] [2024-06-11T10:28:19.017Z] CLI Version:   13.11.2
[debug] [2024-06-11T10:28:19.017Z] Platform:      win32
[debug] [2024-06-11T10:28:19.017Z] Node Version:  v22.2.0
[debug] [2024-06-11T10:28:19.018Z] Time:          Tue Jun 11 2024 11:28:19 GMT+0100 (Hora de verão da Europa Ocidental)
[debug] [2024-06-11T10:28:19.018Z] ----------------------------------------------------------------------
[debug] 
[debug] [2024-06-11T10:28:19.024Z] > command requires scopes: ["email","openid","https://www.googleapis.com/auth/cloudplatformprojects.readonly","https://www.googleapis.com/auth/firebase","https://www.googleapis.com/auth/cloud-platform"]
[debug] [2024-06-11T10:28:19.024Z] > authorizing via signed-in user (liteneckautomation@gmail.com)
[info] 
     ######## #### ########  ######## ########     ###     ######  ########
     ##        ##  ##     ## ##       ##     ##  ##   ##  ##       ##
     ######    ##  ########  ######   ########  #########  ######  ######
     ##        ##  ##    ##  ##       ##     ## ##     ##       ## ##
     ##       #### ##     ## ######## ########  ##     ##  ######  ########

You're about to initialize a Firebase project in this directory:

  C:\Users\bsilva\Desktop\new_sbftv\sbftv

[info] 
=== Project Setup
[info] 
[info] First, let's associate this project directory with a Firebase project.
[info] You can create multiple project aliases by running firebase use --add, 
[info] but for now we'll just set up a default project.
[info] 
[info] i  If you want to create a project in a Google Cloud organization or folder, please use "firebase projects:create" instead, and return to this command when you've created the project. 
[debug] [2024-06-11T10:28:31.569Z] >>> [apiv2][query] POST https://cloudresourcemanager.googleapis.com/v1/projects [none]
[debug] [2024-06-11T10:28:31.569Z] >>> [apiv2][body] POST https://cloudresourcemanager.googleapis.com/v1/projects {"projectId":"sbftv-main","name":"sbftv-main"}
[debug] [2024-06-11T10:28:32.543Z] <<< [apiv2][status] POST https://cloudresourcemanager.googleapis.com/v1/projects 200
[debug] [2024-06-11T10:28:32.544Z] <<< [apiv2][body] POST https://cloudresourcemanager.googleapis.com/v1/projects {"name":"operations/cp.4938210516917106732"}
[debug] [2024-06-11T10:28:32.544Z] >>> [apiv2][query] GET https://cloudresourcemanager.googleapis.com/v1/operations/cp.4938210516917106732 [none]
[debug] [2024-06-11T10:28:33.522Z] <<< [apiv2][status] GET https://cloudresourcemanager.googleapis.com/v1/operations/cp.4938210516917106732 200
[debug] [2024-06-11T10:28:33.522Z] <<< [apiv2][body] GET https://cloudresourcemanager.googleapis.com/v1/operations/cp.4938210516917106732 {"name":"operations/cp.4938210516917106732"}
[debug] [2024-06-11T10:28:34.027Z] [Project Creation Poller] Retrying task index 0
[debug] [2024-06-11T10:28:34.027Z] >>> [apiv2][query] GET https://cloudresourcemanager.googleapis.com/v1/operations/cp.4938210516917106732 [none]
[debug] [2024-06-11T10:28:34.419Z] <<< [apiv2][status] GET https://cloudresourcemanager.googleapis.com/v1/operations/cp.4938210516917106732 200
[debug] [2024-06-11T10:28:34.419Z] <<< [apiv2][body] GET https://cloudresourcemanager.googleapis.com/v1/operations/cp.4938210516917106732 {"name":"operations/cp.4938210516917106732"}
[debug] [2024-06-11T10:28:35.427Z] [Project Creation Poller] Retrying task index 0
[debug] [2024-06-11T10:28:35.427Z] >>> [apiv2][query] GET https://cloudresourcemanager.googleapis.com/v1/operations/cp.4938210516917106732 [none]
[debug] [2024-06-11T10:28:35.847Z] <<< [apiv2][status] GET https://cloudresourcemanager.googleapis.com/v1/operations/cp.4938210516917106732 200
[debug] [2024-06-11T10:28:35.848Z] <<< [apiv2][body] GET https://cloudresourcemanager.googleapis.com/v1/operations/cp.4938210516917106732 {"name":"operations/cp.4938210516917106732","metadata":{"@type":"type.googleapis.com/google.cloudresourcemanager.v1.ProjectCreationStatus","gettable":true}}
[debug] [2024-06-11T10:28:37.855Z] [Project Creation Poller] Retrying task index 0
[debug] [2024-06-11T10:28:37.856Z] >>> [apiv2][query] GET https://cloudresourcemanager.googleapis.com/v1/operations/cp.4938210516917106732 [none]
[debug] [2024-06-11T10:28:38.215Z] <<< [apiv2][status] GET https://cloudresourcemanager.googleapis.com/v1/operations/cp.4938210516917106732 200
[debug] [2024-06-11T10:28:38.215Z] <<< [apiv2][body] GET https://cloudresourcemanager.googleapis.com/v1/operations/cp.4938210516917106732 {"name":"operations/cp.4938210516917106732","metadata":{"@type":"type.googleapis.com/google.cloudresourcemanager.v1.ProjectCreationStatus","gettable":true,"ready":true},"done":true,"response":{"@type":"type.googleapis.com/google.cloudresourcemanager.v1.Project","projectNumber":"603498016110","projectId":"sbftv-main","lifecycleState":"ACTIVE","name":"sbftv-main","createTime":"2024-06-11T10:28:34.109108Z"}}
[debug] [2024-06-11T10:28:38.217Z] >>> [apiv2][query] POST https://firebase.googleapis.com/v1beta1/projects/sbftv-main:addFirebase [none]
[debug] [2024-06-11T10:28:41.899Z] <<< [apiv2][status] POST https://firebase.googleapis.com/v1beta1/projects/sbftv-main:addFirebase 200
[debug] [2024-06-11T10:28:41.900Z] <<< [apiv2][body] POST https://firebase.googleapis.com/v1beta1/projects/sbftv-main:addFirebase {"name":"operations/workflows/ZGY1MTQxMDktZDJkMS00ZDVhLWE3NjUtZTI2MjhjM2FmMmVm"}
[debug] [2024-06-11T10:28:41.900Z] >>> [apiv2][query] GET https://firebase.googleapis.com/v1beta1/operations/workflows/ZGY1MTQxMDktZDJkMS00ZDVhLWE3NjUtZTI2MjhjM2FmMmVm [none]
[debug] [2024-06-11T10:28:45.898Z] <<< [apiv2][status] GET https://firebase.googleapis.com/v1beta1/operations/workflows/ZGY1MTQxMDktZDJkMS00ZDVhLWE3NjUtZTI2MjhjM2FmMmVm 200
[debug] [2024-06-11T10:28:45.899Z] <<< [apiv2][body] GET https://firebase.googleapis.com/v1beta1/operations/workflows/ZGY1MTQxMDktZDJkMS00ZDVhLWE3NjUtZTI2MjhjM2FmMmVm {"name":"operations/workflows/ZGY1MTQxMDktZDJkMS00ZDVhLWE3NjUtZTI2MjhjM2FmMmVm"}
[debug] [2024-06-11T10:28:46.401Z] [Add Firebase Poller] Retrying task index 0
[debug] [2024-06-11T10:28:46.401Z] >>> [apiv2][query] GET https://firebase.googleapis.com/v1beta1/operations/workflows/ZGY1MTQxMDktZDJkMS00ZDVhLWE3NjUtZTI2MjhjM2FmMmVm [none]
[debug] [2024-06-11T10:28:47.035Z] <<< [apiv2][status] GET https://firebase.googleapis.com/v1beta1/operations/workflows/ZGY1MTQxMDktZDJkMS00ZDVhLWE3NjUtZTI2MjhjM2FmMmVm 200
[debug] [2024-06-11T10:28:47.035Z] <<< [apiv2][body] GET https://firebase.googleapis.com/v1beta1/operations/workflows/ZGY1MTQxMDktZDJkMS00ZDVhLWE3NjUtZTI2MjhjM2FmMmVm {"name":"operations/workflows/ZGY1MTQxMDktZDJkMS00ZDVhLWE3NjUtZTI2MjhjM2FmMmVm"}

